#
# There is insufficient memory for the Java Runtime Environment to continue.
# Native memory allocation (malloc) failed to allocate 161408 bytes for Chunk::new
# Possible reasons:
#   The system is out of physical RAM or swap space
#   The process is running with CompressedOops enabled, and the Java Heap may be blocking the growth of the native heap
# Possible solutions:
#   Reduce memory load on the system
#   Increase physical memory or swap space
#   Check if swap backing store is full
#   Decrease Java heap size (-Xmx/-Xms)
#   Decrease number of Java threads
#   Decrease Java thread stack sizes (-Xss)
#   Set larger code cache with -XX:ReservedCodeCacheSize=
#   JVM is running with Unscaled Compressed Oops mode in which the Java heap is
#     placed in the first 4GB address space. The Java Heap base address is the
#     maximum limit for the native heap growth. Please use -XX:HeapBaseMinAddress
#     to set the Java Heap base and to place the Java Heap above 4GB virtual address.
# This output file may be truncated or incomplete.
#
#  Out of Memory Error (arena.cpp:191), pid=18220, tid=11356
#
# JRE version: OpenJDK Runtime Environment Temurin-17.0.10+7 (17.0.10+7) (build 17.0.10+7)
# Java VM: OpenJDK 64-Bit Server VM Temurin-17.0.10+7 (17.0.10+7, mixed mode, tiered, compressed oops, compressed class ptrs, parallel gc, windows-amd64)
# No core dump will be written. Minidumps are not enabled by default on client versions of Windows
#

---------------  S U M M A R Y ------------

Command Line: --add-modules=ALL-SYSTEM --add-opens=java.base/java.util=ALL-UNNAMED --add-opens=java.base/java.lang=ALL-UNNAMED --add-opens=java.base/sun.nio.fs=ALL-UNNAMED -Declipse.application=org.eclipse.jdt.ls.core.id1 -Dosgi.bundles.defaultStartLevel=4 -Declipse.product=org.eclipse.jdt.ls.core.product -Djava.import.generatesMetadataFilesAtProjectRoot=false -DDetectVMInstallationsJob.disabled=true -Dfile.encoding=utf8 -XX:+UseParallelGC -XX:GCTimeRatio=4 -XX:AdaptiveSizePolicyWeight=90 -Dsun.zip.disableMemoryMapping=true -Xmx1G -Xms100m -Xlog:disable -javaagent:c:\Users\laris\.vscode\extensions\redhat.java-1.27.0-win32-x64\lombok\lombok-1.18.31.jar c:\Users\laris\.vscode\extensions\redhat.java-1.27.0-win32-x64\server\plugins\org.eclipse.equinox.launcher_1.6.700.v20231214-2017.jar -configuration c:\Users\laris\AppData\Roaming\Code\User\globalStorage\redhat.java\1.27.0\config_ss_win -data c:\Users\laris\AppData\Roaming\Code\User\workspaceStorage\a53aae235c8590cb13b4fb77a9ec843c\redhat.java\ss_ws --stdio

Host: Intel(R) Core(TM) i3-10110U CPU @ 2.10GHz, 4 cores, 7G,  Windows 11 , 64 bit Build 22621 (10.0.22621.2070)
Time: Wed Feb 14 14:26:13 2024 Jerusalem Standard Time elapsed time: 1.815993 seconds (0d 0h 0m 1s)

---------------  T H R E A D  ---------------

Current thread (0x0000016d3830ea90):  JavaThread "C2 CompilerThread0" daemon [_thread_in_native, id=11356, stack(0x0000005f4ad00000,0x0000005f4ae00000)]


Current CompileTask:
C2:   1816 1100       4       jdk.internal.jimage.ImageLocation::verify (218 bytes)

Stack: [0x0000005f4ad00000,0x0000005f4ae00000]
Native frames: (J=compiled Java code, j=interpreted, Vv=VM code, C=native code)
V  [jvm.dll+0x67d2c9]
V  [jvm.dll+0x834afa]
V  [jvm.dll+0x8365be]
V  [jvm.dll+0x836c23]
V  [jvm.dll+0x2477ff]
V  [jvm.dll+0xac514]
V  [jvm.dll+0xacb5c]
V  [jvm.dll+0x3667d7]
V  [jvm.dll+0x1bca1d]
V  [jvm.dll+0x21a049]
V  [jvm.dll+0x219311]
V  [jvm.dll+0x1a502d]
V  [jvm.dll+0x2290de]
V  [jvm.dll+0x2272ac]
V  [jvm.dll+0x7e9bb7]
V  [jvm.dll+0x7e3fba]
V  [jvm.dll+0x67c1b5]
C  [ucrtbase.dll+0x29363]
C  [KERNEL32.DLL+0x126ad]
C  [ntdll.dll+0x5aa68]


---------------  P R O C E S S  ---------------

Threads class SMR info:
_java_thread_list=0x0000016d3e1152c0, length=13, elements={
0x0000016d244a9590, 0x0000016d382ea030, 0x0000016d382eb650, 0x0000016d3d44c8b0,
0x0000016d3d44d470, 0x0000016d3830d420, 0x0000016d3830dcf0, 0x0000016d3830ea90,
0x0000016d3d4a2430, 0x0000016d3d4a5100, 0x0000016d2450de60, 0x0000016d3d878c40,
0x0000016d3d8e3590
}

Java Threads: ( => current thread )
  0x0000016d244a9590 JavaThread "main" [_thread_in_native, id=1120, stack(0x0000005f4a400000,0x0000005f4a500000)]
  0x0000016d382ea030 JavaThread "Reference Handler" daemon [_thread_blocked, id=17192, stack(0x0000005f4a700000,0x0000005f4a800000)]
  0x0000016d382eb650 JavaThread "Finalizer" daemon [_thread_blocked, id=17668, stack(0x0000005f4a800000,0x0000005f4a900000)]
  0x0000016d3d44c8b0 JavaThread "Signal Dispatcher" daemon [_thread_blocked, id=12096, stack(0x0000005f4a900000,0x0000005f4aa00000)]
  0x0000016d3d44d470 JavaThread "Attach Listener" daemon [_thread_blocked, id=1232, stack(0x0000005f4aa00000,0x0000005f4ab00000)]
  0x0000016d3830d420 JavaThread "Service Thread" daemon [_thread_blocked, id=2644, stack(0x0000005f4ab00000,0x0000005f4ac00000)]
  0x0000016d3830dcf0 JavaThread "Monitor Deflation Thread" daemon [_thread_blocked, id=14048, stack(0x0000005f4ac00000,0x0000005f4ad00000)]
=>0x0000016d3830ea90 JavaThread "C2 CompilerThread0" daemon [_thread_in_native, id=11356, stack(0x0000005f4ad00000,0x0000005f4ae00000)]
  0x0000016d3d4a2430 JavaThread "C1 CompilerThread0" daemon [_thread_blocked, id=16684, stack(0x0000005f4ae00000,0x0000005f4af00000)]
  0x0000016d3d4a5100 JavaThread "Sweeper thread" daemon [_thread_blocked, id=21400, stack(0x0000005f4af00000,0x0000005f4b000000)]
  0x0000016d2450de60 JavaThread "Common-Cleaner" daemon [_thread_blocked, id=16352, stack(0x0000005f4b000000,0x0000005f4b100000)]
  0x0000016d3d878c40 JavaThread "Notification Thread" daemon [_thread_blocked, id=18284, stack(0x0000005f4b100000,0x0000005f4b200000)]
  0x0000016d3d8e3590 JavaThread "C2 CompilerThread1" daemon [_thread_blocked, id=1272, stack(0x0000005f4b600000,0x0000005f4b700000)]

Other Threads:
  0x0000016d2454ec00 VMThread "VM Thread" [stack: 0x0000005f4a600000,0x0000005f4a700000] [id=19880]
  0x0000016d3d6e12f0 WatcherThread [stack: 0x0000005f4b200000,0x0000005f4b300000] [id=12892]
  0x0000016d244bf030 GCTaskThread "GC Thread#0" [stack: 0x0000005f4a500000,0x0000005f4a600000] [id=13548]
  0x0000016d3db69f80 GCTaskThread "GC Thread#1" [stack: 0x0000005f4b300000,0x0000005f4b400000] [id=20300]
  0x0000016d3e0668b0 GCTaskThread "GC Thread#2" [stack: 0x0000005f4b400000,0x0000005f4b500000] [id=13520]
  0x0000016d3e066b70 GCTaskThread "GC Thread#3" [stack: 0x0000005f4b500000,0x0000005f4b600000] [id=12440]

Threads with active compile tasks:
C2 CompilerThread0     1893 1100       4       jdk.internal.jimage.ImageLocation::verify (218 bytes)

VM state: not at safepoint (normal execution)

VM Mutex/Monitor currently owned by a thread: None

Heap address: 0x00000000c0000000, size: 1024 MB, Compressed Oops mode: 32-bit

CDS archive(s) not mapped
Compressed class space mapped at: 0x0000000100000000-0x0000000140000000, reserved size: 1073741824
Narrow klass base: 0x0000000000000000, Narrow klass shift: 3, Narrow klass range: 0x140000000

GC Precious Log:
 CPUs: 4 total, 4 available
 Memory: 8040M
 Large Page Support: Disabled
 NUMA Support: Disabled
 Compressed Oops: Enabled (32-bit)
 Alignments: Space 512K, Generation 512K, Heap 2M
 Heap Min Capacity: 100M
 Heap Initial Capacity: 100M
 Heap Max Capacity: 1G
 Pre-touch: Disabled
 Parallel Workers: 4

Heap:
 PSYoungGen      total 29696K, used 9900K [0x00000000eab00000, 0x00000000ecc00000, 0x0000000100000000)
  eden space 25600K, 26% used [0x00000000eab00000,0x00000000eb18bdb0,0x00000000ec400000)
  from space 4096K, 78% used [0x00000000ec400000,0x00000000ec71f5a8,0x00000000ec800000)
  to   space 4096K, 0% used [0x00000000ec800000,0x00000000ec800000,0x00000000ecc00000)
 ParOldGen       total 68608K, used 8K [0x00000000c0000000, 0x00000000c4300000, 0x00000000eab00000)
  object space 68608K, 0% used [0x00000000c0000000,0x00000000c0002000,0x00000000c4300000)
 Metaspace       used 12126K, committed 12352K, reserved 1114112K
  class space    used 1188K, committed 1280K, reserved 1048576K

Card table byte_map: [0x0000016d23e30000,0x0000016d24040000] _byte_map_base: 0x0000016d23830000

Marking Bits: (ParMarkBitMap*) 0x00007ffc3ec5d7d0
 Begin Bits: [0x0000016d36130000, 0x0000016d37130000)
 End Bits:   [0x0000016d37130000, 0x0000016d38130000)

Polling page: 0x0000016d223e0000

Metaspace:

Usage:
  Non-class:     10.68 MB used.
      Class:      1.16 MB used.
       Both:     11.84 MB used.

Virtual space:
  Non-class space:       64.00 MB reserved,      10.81 MB ( 17%) committed,  1 nodes.
      Class space:        1.00 GB reserved,       1.25 MB ( <1%) committed,  1 nodes.
             Both:        1.06 GB reserved,      12.06 MB (  1%) committed. 

Chunk freelists:
   Non-Class:  4.41 MB
       Class:  14.61 MB
        Both:  19.02 MB

MaxMetaspaceSize: unlimited
CompressedClassSpaceSize: 1.00 GB
Initial GC threshold: 21.00 MB
Current GC threshold: 21.00 MB
CDS: off
MetaspaceReclaimPolicy: balanced
 - commit_granule_bytes: 65536.
 - commit_granule_words: 8192.
 - virtual_space_node_default_size: 8388608.
 - enlarge_chunks_in_place: 1.
 - new_chunks_are_fully_committed: 0.
 - uncommit_free_chunks: 1.
 - use_allocation_guard: 0.
 - handle_deallocations: 1.


Internal statistics:

num_allocs_failed_limit: 0.
num_arena_births: 30.
num_arena_deaths: 0.
num_vsnodes_births: 2.
num_vsnodes_deaths: 0.
num_space_committed: 193.
num_space_uncommitted: 0.
num_chunks_returned_to_freelist: 0.
num_chunks_taken_from_freelist: 137.
num_chunk_merges: 0.
num_chunk_splits: 94.
num_chunks_enlarged: 82.
num_inconsistent_stats: 0.

CodeHeap 'non-profiled nmethods': size=120000Kb used=468Kb max_used=468Kb free=119531Kb
 bounds [0x0000016d2ec00000, 0x0000016d2ee70000, 0x0000016d36130000]
CodeHeap 'profiled nmethods': size=120000Kb used=1962Kb max_used=1962Kb free=118037Kb
 bounds [0x0000016d27130000, 0x0000016d273a0000, 0x0000016d2e660000]
CodeHeap 'non-nmethods': size=5760Kb used=1144Kb max_used=1169Kb free=4615Kb
 bounds [0x0000016d2e660000, 0x0000016d2e8d0000, 0x0000016d2ec00000]
 total_blobs=1550 nmethods=1112 adapters=353
 compilation: enabled
              stopped_count=0, restarted_count=0
 full_count=0

Compilation events (20 events):
Event: 1.757 Thread 0x0000016d3d4a2430 1092       3       java.lang.ClassLoader::getNamedPackage (73 bytes)
Event: 1.758 Thread 0x0000016d3d4a2430 nmethod 1092 0x0000016d2730e490 code [0x0000016d2730e680, 0x0000016d2730ebc8]
Event: 1.762 Thread 0x0000016d3d8e3590 1093       4       java.lang.StringBuilder::append (8 bytes)
Event: 1.764 Thread 0x0000016d3830ea90 1094       4       java.lang.AbstractStringBuilder::append (45 bytes)
Event: 1.768 Thread 0x0000016d3d8e3590 nmethod 1093 0x0000016d2ec71790 code [0x0000016d2ec71940, 0x0000016d2ec71f28]
Event: 1.769 Thread 0x0000016d3d4a2430 1095       3       java.io.WinNTFileSystem::normalizePrefix (132 bytes)
Event: 1.769 Thread 0x0000016d3830ea90 nmethod 1094 0x0000016d2ec72310 code [0x0000016d2ec724c0, 0x0000016d2ec72a88]
Event: 1.771 Thread 0x0000016d3d4a2430 nmethod 1095 0x0000016d2730ed90 code [0x0000016d2730f1c0, 0x0000016d27311248]
Event: 1.772 Thread 0x0000016d3d4a2430 1096       3       java.util.WeakHashMap::get (75 bytes)
Event: 1.773 Thread 0x0000016d3d4a2430 nmethod 1096 0x0000016d27311e90 code [0x0000016d273120c0, 0x0000016d27312958]
Event: 1.773 Thread 0x0000016d3d4a2430 1097       3       sun.net.util.URLUtil::urlNoFragString (114 bytes)
Event: 1.774 Thread 0x0000016d3d4a2430 nmethod 1097 0x0000016d27312d10 code [0x0000016d27313040, 0x0000016d27314088]
Event: 1.774 Thread 0x0000016d3d4a2430 1098       1       java.net.JarURLConnection::getJarFileURL (5 bytes)
Event: 1.774 Thread 0x0000016d3d4a2430 nmethod 1098 0x0000016d2ec72e90 code [0x0000016d2ec73020, 0x0000016d2ec730f8]
Event: 1.780 Thread 0x0000016d3d4a2430 1099       3       java.net.URI::quote (214 bytes)
Event: 1.781 Thread 0x0000016d3830ea90 1100       4       jdk.internal.jimage.ImageLocation::verify (218 bytes)
Event: 1.782 Thread 0x0000016d3d4a2430 nmethod 1099 0x0000016d27314690 code [0x0000016d27314a60, 0x0000016d27316338]
Event: 1.782 Thread 0x0000016d3d8e3590 1101   !   4       java.lang.String::<init> (843 bytes)
Event: 1.783 Thread 0x0000016d3d4a2430 1102       3       java.io.File::isDirectory (34 bytes)
Event: 1.783 Thread 0x0000016d3d4a2430 nmethod 1102 0x0000016d27316d10 code [0x0000016d27316f00, 0x0000016d27317428]

GC Heap History (2 events):
Event: 1.408 GC heap before
{Heap before GC invocations=1 (full 0):
 PSYoungGen      total 29696K, used 25600K [0x00000000eab00000, 0x00000000ecc00000, 0x0000000100000000)
  eden space 25600K, 100% used [0x00000000eab00000,0x00000000ec400000,0x00000000ec400000)
  from space 4096K, 0% used [0x00000000ec800000,0x00000000ec800000,0x00000000ecc00000)
  to   space 4096K, 0% used [0x00000000ec400000,0x00000000ec400000,0x00000000ec800000)
 ParOldGen       total 68608K, used 0K [0x00000000c0000000, 0x00000000c4300000, 0x00000000eab00000)
  object space 68608K, 0% used [0x00000000c0000000,0x00000000c0000000,0x00000000c4300000)
 Metaspace       used 11043K, committed 11200K, reserved 1114112K
  class space    used 1098K, committed 1216K, reserved 1048576K
}
Event: 1.419 GC heap after
{Heap after GC invocations=1 (full 0):
 PSYoungGen      total 29696K, used 3197K [0x00000000eab00000, 0x00000000ecc00000, 0x0000000100000000)
  eden space 25600K, 0% used [0x00000000eab00000,0x00000000eab00000,0x00000000ec400000)
  from space 4096K, 78% used [0x00000000ec400000,0x00000000ec71f5a8,0x00000000ec800000)
  to   space 4096K, 0% used [0x00000000ec800000,0x00000000ec800000,0x00000000ecc00000)
 ParOldGen       total 68608K, used 8K [0x00000000c0000000, 0x00000000c4300000, 0x00000000eab00000)
  object space 68608K, 0% used [0x00000000c0000000,0x00000000c0002000,0x00000000c4300000)
 Metaspace       used 11043K, committed 11200K, reserved 1114112K
  class space    used 1098K, committed 1216K, reserved 1048576K
}

Dll operation events (8 events):
Event: 0.013 Loaded shared library c:\Users\laris\.vscode\extensions\redhat.java-1.27.0-win32-x64\jre\17.0.10-win32-x86_64\bin\java.dll
Event: 0.215 Loaded shared library c:\Users\laris\.vscode\extensions\redhat.java-1.27.0-win32-x64\jre\17.0.10-win32-x86_64\bin\zip.dll
Event: 0.219 Loaded shared library C:\Users\laris\.vscode\extensions\redhat.java-1.27.0-win32-x64\jre\17.0.10-win32-x86_64\bin\instrument.dll
Event: 0.233 Loaded shared library C:\Users\laris\.vscode\extensions\redhat.java-1.27.0-win32-x64\jre\17.0.10-win32-x86_64\bin\net.dll
Event: 0.235 Loaded shared library C:\Users\laris\.vscode\extensions\redhat.java-1.27.0-win32-x64\jre\17.0.10-win32-x86_64\bin\nio.dll
Event: 0.244 Loaded shared library C:\Users\laris\.vscode\extensions\redhat.java-1.27.0-win32-x64\jre\17.0.10-win32-x86_64\bin\zip.dll
Event: 0.264 Loaded shared library C:\Users\laris\.vscode\extensions\redhat.java-1.27.0-win32-x64\jre\17.0.10-win32-x86_64\bin\jimage.dll
Event: 0.338 Loaded shared library c:\Users\laris\.vscode\extensions\redhat.java-1.27.0-win32-x64\jre\17.0.10-win32-x86_64\bin\verify.dll

Deoptimization events (20 events):
Event: 1.212 Thread 0x0000016d244a9590 Uncommon trap: trap_request=0xffffffc6 fr.pc=0x0000016d2ec2aa60 relative=0x00000000000002c0
Event: 1.212 Thread 0x0000016d244a9590 Uncommon trap: reason=bimorphic_or_optimized_type_check action=maybe_recompile pc=0x0000016d2ec2aa60 method=java.util.Collections$UnmodifiableCollection$1.next()Ljava/lang/Object; @ 4 c2
Event: 1.212 Thread 0x0000016d244a9590 DEOPT PACKING pc=0x0000016d2ec2aa60 sp=0x0000005f4a4fe1f0
Event: 1.212 Thread 0x0000016d244a9590 DEOPT UNPACKING pc=0x0000016d2e6b66a3 sp=0x0000005f4a4fe1a0 mode 2
Event: 1.283 Thread 0x0000016d244a9590 Uncommon trap: trap_request=0xffffff45 fr.pc=0x0000016d2ec46c3c relative=0x00000000000009bc
Event: 1.283 Thread 0x0000016d244a9590 Uncommon trap: reason=unstable_if action=reinterpret pc=0x0000016d2ec46c3c method=java.util.HashMap.hash(Ljava/lang/Object;)I @ 1 c2
Event: 1.283 Thread 0x0000016d244a9590 DEOPT PACKING pc=0x0000016d2ec46c3c sp=0x0000005f4a4fe050
Event: 1.283 Thread 0x0000016d244a9590 DEOPT UNPACKING pc=0x0000016d2e6b66a3 sp=0x0000005f4a4fdfc0 mode 2
Event: 1.283 Thread 0x0000016d244a9590 Uncommon trap: trap_request=0xffffff45 fr.pc=0x0000016d2ec49680 relative=0x0000000000000260
Event: 1.283 Thread 0x0000016d244a9590 Uncommon trap: reason=unstable_if action=reinterpret pc=0x0000016d2ec49680 method=java.util.HashMap.hash(Ljava/lang/Object;)I @ 1 c2
Event: 1.283 Thread 0x0000016d244a9590 DEOPT PACKING pc=0x0000016d2ec49680 sp=0x0000005f4a4fdf80
Event: 1.283 Thread 0x0000016d244a9590 DEOPT UNPACKING pc=0x0000016d2e6b66a3 sp=0x0000005f4a4fde18 mode 2
Event: 1.314 Thread 0x0000016d244a9590 DEOPT PACKING pc=0x0000016d2717a4a2 sp=0x0000005f4a4f98d0
Event: 1.314 Thread 0x0000016d244a9590 DEOPT UNPACKING pc=0x0000016d2e6b6e43 sp=0x0000005f4a4f8d30 mode 0
Event: 1.687 Thread 0x0000016d244a9590 Uncommon trap: trap_request=0xffffff45 fr.pc=0x0000016d2ec3cf5c relative=0x000000000000101c
Event: 1.687 Thread 0x0000016d244a9590 Uncommon trap: reason=unstable_if action=reinterpret pc=0x0000016d2ec3cf5c method=lombok.patcher.PatchScript.classMatches(Ljava/lang/String;Ljava/util/Collection;)Z @ 25 c2
Event: 1.687 Thread 0x0000016d244a9590 DEOPT PACKING pc=0x0000016d2ec3cf5c sp=0x0000005f4a4f81b0
Event: 1.687 Thread 0x0000016d244a9590 DEOPT UNPACKING pc=0x0000016d2e6b66a3 sp=0x0000005f4a4f8108 mode 2
Event: 1.690 Thread 0x0000016d244a9590 DEOPT PACKING pc=0x0000016d271a1945 sp=0x0000005f4a4f7640
Event: 1.691 Thread 0x0000016d244a9590 DEOPT UNPACKING pc=0x0000016d2e6b6e43 sp=0x0000005f4a4f6af0 mode 0

Classes unloaded (0 events):
No events

Classes redefined (0 events):
No events

Internal exceptions (20 events):
Event: 0.920 Thread 0x0000016d244a9590 Exception <a 'java/io/FileNotFoundException'{0x00000000eb85e5f8}> (0x00000000eb85e5f8) 
thrown [s\src\hotspot\share\prims\jni.cpp, line 516]
Event: 0.921 Thread 0x0000016d244a9590 Exception <a 'java/io/FileNotFoundException'{0x00000000eb85f378}> (0x00000000eb85f378) 
thrown [s\src\hotspot\share\prims\jni.cpp, line 516]
Event: 0.921 Thread 0x0000016d244a9590 Exception <a 'java/io/FileNotFoundException'{0x00000000eb8600d8}> (0x00000000eb8600d8) 
thrown [s\src\hotspot\share\prims\jni.cpp, line 516]
Event: 0.921 Thread 0x0000016d244a9590 Exception <a 'java/io/FileNotFoundException'{0x00000000eb860e08}> (0x00000000eb860e08) 
thrown [s\src\hotspot\share\prims\jni.cpp, line 516]
Event: 0.928 Thread 0x0000016d244a9590 Implicit null exception at 0x0000016d2ec24472 to 0x0000016d2ec249c0
Event: 0.928 Thread 0x0000016d244a9590 Implicit null exception at 0x0000016d2ec238f2 to 0x0000016d2ec23e54
Event: 0.931 Thread 0x0000016d244a9590 Exception <a 'java/io/FileNotFoundException'{0x00000000eb899c88}> (0x00000000eb899c88) 
thrown [s\src\hotspot\share\prims\jni.cpp, line 516]
Event: 1.196 Thread 0x0000016d244a9590 Exception <a 'java/lang/ClassNotFoundException'{0x00000000ec09de08}: sun/net/www/protocol/c/Handler> (0x00000000ec09de08) 
thrown [s\src\hotspot\share\classfile\systemDictionary.cpp, line 256]
Event: 1.197 Thread 0x0000016d244a9590 Exception <a 'java/lang/ClassNotFoundException'{0x00000000ec09f150}: sun/net/www/protocol/c/Handler> (0x00000000ec09f150) 
thrown [s\src\hotspot\share\classfile\systemDictionary.cpp, line 256]
Event: 1.197 Thread 0x0000016d244a9590 Exception <a 'java/lang/ClassNotFoundException'{0x00000000ec0a02d0}: sun/net/www/protocol/c/Handler> (0x00000000ec0a02d0) 
thrown [s\src\hotspot\share\classfile\systemDictionary.cpp, line 256]
Event: 1.212 Thread 0x0000016d244a9590 Exception <a 'java/io/FileNotFoundException'{0x00000000ec0c39c0}> (0x00000000ec0c39c0) 
thrown [s\src\hotspot\share\prims\jni.cpp, line 516]
Event: 1.283 Thread 0x0000016d244a9590 Implicit null exception at 0x0000016d2ec462c0 to 0x0000016d2ec46c24
Event: 1.283 Thread 0x0000016d244a9590 Implicit null exception at 0x0000016d2ec4946c to 0x0000016d2ec49668
Event: 1.382 Thread 0x0000016d244a9590 Exception <a 'java/lang/NoSuchMethodError'{0x00000000ec395898}: 'int java.lang.invoke.DirectMethodHandle$Holder.invokeStaticInit(java.lang.Object, java.lang.Object, java.lang.Object, java.lang.Object)'> (0x00000000ec395898) 
thrown [s\src\hotspot\share\interpreter\linkResolver.cpp, line 759]
Event: 1.384 Thread 0x0000016d244a9590 Exception <a 'java/lang/NoSuchMethodError'{0x00000000ec39ff08}: 'java.lang.Object java.lang.invoke.DirectMethodHandle$Holder.invokeInterface(java.lang.Object, java.lang.Object)'> (0x00000000ec39ff08) 
thrown [s\src\hotspot\share\interpreter\linkResolver.cpp, line 759]
Event: 1.384 Thread 0x0000016d244a9590 Exception <a 'java/lang/IncompatibleClassChangeError'{0x00000000ec3a3700}: Found class java.lang.Object, but interface was expected> (0x00000000ec3a3700) 
thrown [s\src\hotspot\share\interpreter\linkResolver.cpp, line 826]
Event: 1.386 Thread 0x0000016d244a9590 Exception <a 'java/lang/NoSuchMethodError'{0x00000000ec3a7bf0}: 'void java.lang.invoke.DirectMethodHandle$Holder.invokeStatic(java.lang.Object, java.lang.Object)'> (0x00000000ec3a7bf0) 
thrown [s\src\hotspot\share\interpreter\linkResolver.cpp, line 759]
Event: 1.387 Thread 0x0000016d244a9590 Exception <a 'java/lang/NoSuchMethodError'{0x00000000ec3ab3f0}: 'void java.lang.invoke.DirectMethodHandle$Holder.invokeStaticInit(java.lang.Object, java.lang.Object)'> (0x00000000ec3ab3f0) 
thrown [s\src\hotspot\share\interpreter\linkResolver.cpp, line 759]
Event: 1.391 Thread 0x0000016d244a9590 Exception <a 'java/lang/NoSuchMethodError'{0x00000000ec3b2a58}: 'int java.lang.invoke.DirectMethodHandle$Holder.invokeStaticInit(java.lang.Object, java.lang.Object)'> (0x00000000ec3b2a58) 
thrown [s\src\hotspot\share\interpreter\linkResolver.cpp, line 759]
Event: 1.484 Thread 0x0000016d244a9590 Exception <a 'java/lang/NoSuchMethodError'{0x00000000eabdc690}: 'void java.lang.invoke.DirectMethodHandle$Holder.invokeSpecial(java.lang.Object, java.lang.Object, java.lang.Object)'> (0x00000000eabdc690) 
thrown [s\src\hotspot\share\interpreter\linkResolver.cpp, line 759]

VM Operations (12 events):
Event: 0.192 Executing VM operation: HandshakeAllThreads
Event: 0.192 Executing VM operation: HandshakeAllThreads done
Event: 0.840 Executing VM operation: HandshakeAllThreads
Event: 0.840 Executing VM operation: HandshakeAllThreads done
Event: 0.905 Executing VM operation: HandshakeAllThreads
Event: 0.905 Executing VM operation: HandshakeAllThreads done
Event: 1.162 Executing VM operation: HandshakeAllThreads
Event: 1.162 Executing VM operation: HandshakeAllThreads done
Event: 1.162 Executing VM operation: Cleanup
Event: 1.162 Executing VM operation: Cleanup done
Event: 1.408 Executing VM operation: ParallelGCFailedAllocation
Event: 1.419 Executing VM operation: ParallelGCFailedAllocation done

Events (20 events):
Event: 1.550 loading class java/util/concurrent/SynchronousQueue$Transferer
Event: 1.550 loading class java/util/concurrent/SynchronousQueue$Transferer done
Event: 1.550 loading class java/util/concurrent/SynchronousQueue$TransferStack done
Event: 1.550 loading class java/util/concurrent/SynchronousQueue$TransferStack$SNode
Event: 1.550 loading class java/util/concurrent/ForkJoinPool$ManagedBlocker
Event: 1.550 loading class java/util/concurrent/ForkJoinPool$ManagedBlocker done
Event: 1.550 loading class java/util/concurrent/SynchronousQueue$TransferStack$SNode done
Event: 1.551 loading class java/util/concurrent/RejectedExecutionHandler
Event: 1.552 loading class java/util/concurrent/RejectedExecutionHandler done
Event: 1.552 loading class java/util/concurrent/LinkedBlockingQueue
Event: 1.552 loading class java/util/concurrent/LinkedBlockingQueue done
Event: 1.552 loading class java/util/concurrent/LinkedBlockingQueue$Node
Event: 1.552 loading class java/util/concurrent/LinkedBlockingQueue$Node done
Event: 1.571 loading class java/util/concurrent/Semaphore$NonfairSync
Event: 1.571 loading class java/util/concurrent/Semaphore$Sync
Event: 1.572 loading class java/util/concurrent/Semaphore$Sync done
Event: 1.572 loading class java/util/concurrent/Semaphore$NonfairSync done
Event: 1.603 Thread 0x0000016d3d8e3590 Thread added: 0x0000016d3d8e3590
Event: 1.766 loading class java/lang/TypeNotPresentException
Event: 1.766 loading class java/lang/TypeNotPresentException done


Dynamic libraries:
0x00007ff6b9c60000 - 0x00007ff6b9c6e000 	c:\Users\laris\.vscode\extensions\redhat.java-1.27.0-win32-x64\jre\17.0.10-win32-x86_64\bin\java.exe
0x00007ffca9010000 - 0x00007ffca9224000 	C:\WINDOWS\SYSTEM32\ntdll.dll
0x00007ffc96f00000 - 0x00007ffc96f19000 	C:\Program Files\Avast Software\Avast\aswhook.dll
0x00007ffca7c20000 - 0x00007ffca7ce4000 	C:\WINDOWS\System32\KERNEL32.DLL
0x00007ffca65b0000 - 0x00007ffca6954000 	C:\WINDOWS\System32\KERNELBASE.dll
0x00007ffca3450000 - 0x00007ffca34e7000 	C:\WINDOWS\SYSTEM32\apphelp.dll
0x00007ffca6ad0000 - 0x00007ffca6be1000 	C:\WINDOWS\System32\ucrtbase.dll
0x00007ffc8ce80000 - 0x00007ffc8ce97000 	c:\Users\laris\.vscode\extensions\redhat.java-1.27.0-win32-x64\jre\17.0.10-win32-x86_64\bin\jli.dll
0x00007ffca8a80000 - 0x00007ffca8c2a000 	C:\WINDOWS\System32\USER32.dll
0x00007ffca6da0000 - 0x00007ffca6dc6000 	C:\WINDOWS\System32\win32u.dll
0x00007ffca8fa0000 - 0x00007ffca8fc9000 	C:\WINDOWS\System32\GDI32.dll
0x00007ffca6490000 - 0x00007ffca65a9000 	C:\WINDOWS\System32\gdi32full.dll
0x00007ffca63f0000 - 0x00007ffca648a000 	C:\WINDOWS\System32\msvcp_win.dll
0x00007ffc8be30000 - 0x00007ffc8be4b000 	c:\Users\laris\.vscode\extensions\redhat.java-1.27.0-win32-x64\jre\17.0.10-win32-x86_64\bin\VCRUNTIME140.dll
0x00007ffc89530000 - 0x00007ffc897bf000 	C:\WINDOWS\WinSxS\amd64_microsoft.windows.common-controls_6595b64144ccf1df_6.0.22621.2070_none_2713e6537381f706\COMCTL32.dll
0x00007ffca7940000 - 0x00007ffca79e7000 	C:\WINDOWS\System32\msvcrt.dll
0x00007ffca8c90000 - 0x00007ffca8cc1000 	C:\WINDOWS\System32\IMM32.DLL
0x00007ffca3370000 - 0x00007ffca337c000 	c:\Users\laris\.vscode\extensions\redhat.java-1.27.0-win32-x64\jre\17.0.10-win32-x86_64\bin\vcruntime140_1.dll
0x00007ffc52490000 - 0x00007ffc5251d000 	c:\Users\laris\.vscode\extensions\redhat.java-1.27.0-win32-x64\jre\17.0.10-win32-x86_64\bin\msvcp140.dll
0x00007ffc3e0c0000 - 0x00007ffc3ed22000 	c:\Users\laris\.vscode\extensions\redhat.java-1.27.0-win32-x64\jre\17.0.10-win32-x86_64\bin\server\jvm.dll
0x00007ffca6f00000 - 0x00007ffca6fb0000 	C:\WINDOWS\System32\ADVAPI32.dll
0x00007ffca8e60000 - 0x00007ffca8f06000 	C:\WINDOWS\System32\sechost.dll
0x00007ffca7720000 - 0x00007ffca7837000 	C:\WINDOWS\System32\RPCRT4.dll
0x00007ffc9de00000 - 0x00007ffc9de0a000 	C:\WINDOWS\SYSTEM32\VERSION.dll
0x00007ffc919e0000 - 0x00007ffc919e9000 	C:\WINDOWS\SYSTEM32\WSOCK32.dll
0x00007ffc9db50000 - 0x00007ffc9db84000 	C:\WINDOWS\SYSTEM32\WINMM.dll
0x00007ffca7150000 - 0x00007ffca71c1000 	C:\WINDOWS\System32\WS2_32.dll
0x00007ffca62c0000 - 0x00007ffca630d000 	C:\WINDOWS\SYSTEM32\POWRPROF.dll
0x00007ffca62a0000 - 0x00007ffca62b3000 	C:\WINDOWS\SYSTEM32\UMPDC.dll
0x00007ffca53f0000 - 0x00007ffca5408000 	C:\WINDOWS\SYSTEM32\kernel.appcore.dll
0x00007ffc9e940000 - 0x00007ffc9e94a000 	c:\Users\laris\.vscode\extensions\redhat.java-1.27.0-win32-x64\jre\17.0.10-win32-x86_64\bin\jimage.dll
0x00007ffca36c0000 - 0x00007ffca38ee000 	C:\WINDOWS\SYSTEM32\DBGHELP.DLL
0x00007ffca8550000 - 0x00007ffca88da000 	C:\WINDOWS\System32\combase.dll
0x00007ffca8d80000 - 0x00007ffca8e57000 	C:\WINDOWS\System32\OLEAUT32.dll
0x00007ffc97870000 - 0x00007ffc978a2000 	C:\WINDOWS\SYSTEM32\dbgcore.DLL
0x00007ffca6cb0000 - 0x00007ffca6d2a000 	C:\WINDOWS\System32\bcryptPrimitives.dll
0x00007ffc9dc70000 - 0x00007ffc9dc7e000 	c:\Users\laris\.vscode\extensions\redhat.java-1.27.0-win32-x64\jre\17.0.10-win32-x86_64\bin\instrument.dll
0x00007ffc7c2c0000 - 0x00007ffc7c2e5000 	c:\Users\laris\.vscode\extensions\redhat.java-1.27.0-win32-x64\jre\17.0.10-win32-x86_64\bin\java.dll
0x00007ffc80790000 - 0x00007ffc807a8000 	c:\Users\laris\.vscode\extensions\redhat.java-1.27.0-win32-x64\jre\17.0.10-win32-x86_64\bin\zip.dll
0x00007ffca7d20000 - 0x00007ffca8536000 	C:\WINDOWS\System32\SHELL32.dll
0x00007ffca4370000 - 0x00007ffca4c5a000 	C:\WINDOWS\SYSTEM32\windows.storage.dll
0x00007ffca4230000 - 0x00007ffca436e000 	C:\WINDOWS\SYSTEM32\wintypes.dll
0x00007ffca6df0000 - 0x00007ffca6ee3000 	C:\WINDOWS\System32\SHCORE.dll
0x00007ffca8c30000 - 0x00007ffca8c8e000 	C:\WINDOWS\System32\shlwapi.dll
0x00007ffca6320000 - 0x00007ffca6346000 	C:\WINDOWS\SYSTEM32\profapi.dll
0x00007ffc7b520000 - 0x00007ffc7b539000 	C:\Users\laris\.vscode\extensions\redhat.java-1.27.0-win32-x64\jre\17.0.10-win32-x86_64\bin\net.dll
0x00007ffc9da10000 - 0x00007ffc9db47000 	C:\WINDOWS\SYSTEM32\WINHTTP.dll
0x00007ffca5890000 - 0x00007ffca58f9000 	C:\WINDOWS\system32\mswsock.dll
0x00007ffc6ef50000 - 0x00007ffc6ef66000 	C:\Users\laris\.vscode\extensions\redhat.java-1.27.0-win32-x64\jre\17.0.10-win32-x86_64\bin\nio.dll
0x00007ffc9c720000 - 0x00007ffc9c730000 	c:\Users\laris\.vscode\extensions\redhat.java-1.27.0-win32-x64\jre\17.0.10-win32-x86_64\bin\verify.dll

dbghelp: loaded successfully - version: 4.0.5 - missing functions: none
symbol engine: initialized successfully - sym options: 0x614 - pdb path: .;c:\Users\laris\.vscode\extensions\redhat.java-1.27.0-win32-x64\jre\17.0.10-win32-x86_64\bin;C:\WINDOWS\SYSTEM32;C:\Program Files\Avast Software\Avast;C:\WINDOWS\WinSxS\amd64_microsoft.windows.common-controls_6595b64144ccf1df_6.0.22621.2070_none_2713e6537381f706;c:\Users\laris\.vscode\extensions\redhat.java-1.27.0-win32-x64\jre\17.0.10-win32-x86_64\bin\server

VM Arguments:
jvm_args: --add-modules=ALL-SYSTEM --add-opens=java.base/java.util=ALL-UNNAMED --add-opens=java.base/java.lang=ALL-UNNAMED --add-opens=java.base/sun.nio.fs=ALL-UNNAMED -Declipse.application=org.eclipse.jdt.ls.core.id1 -Dosgi.bundles.defaultStartLevel=4 -Declipse.product=org.eclipse.jdt.ls.core.product -Djava.import.generatesMetadataFilesAtProjectRoot=false -DDetectVMInstallationsJob.disabled=true -Dfile.encoding=utf8 -XX:+UseParallelGC -XX:GCTimeRatio=4 -XX:AdaptiveSizePolicyWeight=90 -Dsun.zip.disableMemoryMapping=true -Xmx1G -Xms100m -Xlog:disable -javaagent:c:\Users\laris\.vscode\extensions\redhat.java-1.27.0-win32-x64\lombok\lombok-1.18.31.jar 
java_command: c:\Users\laris\.vscode\extensions\redhat.java-1.27.0-win32-x64\server\plugins\org.eclipse.equinox.launcher_1.6.700.v20231214-2017.jar -configuration c:\Users\laris\AppData\Roaming\Code\User\globalStorage\redhat.java\1.27.0\config_ss_win -data c:\Users\laris\AppData\Roaming\Code\User\workspaceStorage\a53aae235c8590cb13b4fb77a9ec843c\redhat.java\ss_ws --stdio
java_class_path (initial): c:\Users\laris\.vscode\extensions\redhat.java-1.27.0-win32-x64\server\plugins\org.eclipse.equinox.launcher_1.6.700.v20231214-2017.jar
Launcher Type: SUN_STANDARD

[Global flags]
    uintx AdaptiveSizePolicyWeight                 = 90                                        {product} {command line}
     intx CICompilerCount                          = 3                                         {product} {ergonomic}
    uintx GCTimeRatio                              = 4                                         {product} {command line}
   size_t InitialHeapSize                          = 104857600                                 {product} {command line}
   size_t MaxHeapSize                              = 1073741824                                {product} {command line}
   size_t MaxNewSize                               = 357564416                                 {product} {ergonomic}
   size_t MinHeapDeltaBytes                        = 524288                                    {product} {ergonomic}
   size_t MinHeapSize                              = 104857600                                 {product} {command line}
   size_t NewSize                                  = 34603008                                  {product} {ergonomic}
    uintx NonNMethodCodeHeapSize                   = 5832780                                {pd product} {ergonomic}
    uintx NonProfiledCodeHeapSize                  = 122912730                              {pd product} {ergonomic}
   size_t OldSize                                  = 70254592                                  {product} {ergonomic}
    uintx ProfiledCodeHeapSize                     = 122912730                              {pd product} {ergonomic}
    uintx ReservedCodeCacheSize                    = 251658240                              {pd product} {ergonomic}
     bool SegmentedCodeCache                       = true                                      {product} {ergonomic}
   size_t SoftMaxHeapSize                          = 1073741824                             {manageable} {ergonomic}
     bool UseCompressedClassPointers               = true                           {product lp64_product} {ergonomic}
     bool UseCompressedOops                        = true                           {product lp64_product} {ergonomic}
     bool UseLargePagesIndividualAllocation        = false                                  {pd product} {ergonomic}
     bool UseParallelGC                            = true                                      {product} {command line}

Logging:
Log output configuration:
 #0: stdout all=off uptime,level,tags
 #1: stderr all=off uptime,level,tags

Environment Variables:
PATH=C:\WINDOWS\system32;C:\WINDOWS;C:\WINDOWS\System32\Wbem;C:\WINDOWS\System32\WindowsPowerShell\v1.0\;C:\WINDOWS\System32\OpenSSH\;C:\Program Files\dotnet\;C:\Program Files\Git\cmd;C:\WINDOWS\system32;C:\WINDOWS;C:\WINDOWS\System32\Wbem;C:\WINDOWS\System32\WindowsPowerShell\v1.0\;C:\WINDOWS\System32\OpenSSH\;C:\Program Files\Microsoft SQL Server\Client SDK\ODBC\170\Tools\Binn\;C:\Program Files\PuTTY\;C:\Program Files\nodejs\;C:\Program Files\Java\jdk-17.0.1\bin;C:\Program Files\Java\apache-maven-3.9.6-bin\apache-maven-3.9.6\bin;C:\Program Files\Amazon\AWSCLIV2\;C:\Users\laris\AppData\Local\Microsoft\WindowsApps;C:\Users\laris\.dotnet\tools;C:\Users\laris\AppData\Local\Programs\Microsoft VS Code\bin;C:\Users\laris\AppData\Roaming\npm;C:\Program Files\Java\apache-maven-3.9.6-bin\apache-maven-3.9.6\bin;C:\ProgramFiles\NASM
USERNAME=Max
OS=Windows_NT
PROCESSOR_IDENTIFIER=Intel64 Family 6 Model 142 Stepping 12, GenuineIntel
TMP=C:\Users\laris\AppData\Local\Temp
TEMP=C:\Users\laris\AppData\Local\Temp



Periodic native trim disabled


---------------  S Y S T E M  ---------------

OS:
 Windows 11 , 64 bit Build 22621 (10.0.22621.2070)
OS uptime: 3 days 10:25 hours
Hyper-V role detected

CPU: total 4 (initial active 4) (2 cores per cpu, 2 threads per core) family 6 model 142 stepping 12 microcode 0xf8, cx8, cmov, fxsr, ht, mmx, 3dnowpref, sse, sse2, sse3, ssse3, sse4.1, sse4.2, popcnt, lzcnt, tsc, tscinvbit, avx, avx2, aes, erms, clmul, bmi1, bmi2, adx, fma, vzeroupper, clflush, clflushopt, hv
Processor Information for all 4 processors :
  Max Mhz: 2592, Current Mhz: 2093, Mhz Limit: 2073

Memory: 4k page, system-wide physical 8040M (555M free)
TotalPageFile size 16729M (AvailPageFile size 4M)
current process WorkingSet (physical memory assigned to process): 83M, peak: 83M
current process commit charge ("private bytes"): 190M, peak: 191M

vm_info: OpenJDK 64-Bit Server VM (17.0.10+7) for windows-amd64 JRE (17.0.10+7), built on Jan 16 2024 23:25:11 by "admin" with MS VC++ 16.10 / 16.11 (VS2019)

END.
