#
# There is insufficient memory for the Java Runtime Environment to continue.
# Native memory allocation (malloc) failed to allocate 144176 bytes for Chunk::new
# Possible reasons:
#   The system is out of physical RAM or swap space
#   The process is running with CompressedOops enabled, and the Java Heap may be blocking the growth of the native heap
# Possible solutions:
#   Reduce memory load on the system
#   Increase physical memory or swap space
#   Check if swap backing store is full
#   Decrease Java heap size (-Xmx/-Xms)
#   Decrease number of Java threads
#   Decrease Java thread stack sizes (-Xss)
#   Set larger code cache with -XX:ReservedCodeCacheSize=
#   JVM is running with Unscaled Compressed Oops mode in which the Java heap is
#     placed in the first 4GB address space. The Java Heap base address is the
#     maximum limit for the native heap growth. Please use -XX:HeapBaseMinAddress
#     to set the Java Heap base and to place the Java Heap above 4GB virtual address.
# This output file may be truncated or incomplete.
#
#  Out of Memory Error (arena.cpp:191), pid=14424, tid=7952
#
# JRE version: OpenJDK Runtime Environment Temurin-17.0.10+7 (17.0.10+7) (build 17.0.10+7)
# Java VM: OpenJDK 64-Bit Server VM Temurin-17.0.10+7 (17.0.10+7, mixed mode, tiered, compressed oops, compressed class ptrs, parallel gc, windows-amd64)
# No core dump will be written. Minidumps are not enabled by default on client versions of Windows
#

---------------  S U M M A R Y ------------

Command Line: --add-modules=ALL-SYSTEM --add-opens=java.base/java.util=ALL-UNNAMED --add-opens=java.base/java.lang=ALL-UNNAMED --add-opens=java.base/sun.nio.fs=ALL-UNNAMED -Declipse.application=org.eclipse.jdt.ls.core.id1 -Dosgi.bundles.defaultStartLevel=4 -Declipse.product=org.eclipse.jdt.ls.core.product -Djava.import.generatesMetadataFilesAtProjectRoot=false -DDetectVMInstallationsJob.disabled=true -Dfile.encoding=utf8 -XX:+UseParallelGC -XX:GCTimeRatio=4 -XX:AdaptiveSizePolicyWeight=90 -Dsun.zip.disableMemoryMapping=true -Xmx1G -Xms100m -Xlog:disable -javaagent:c:\Users\laris\.vscode\extensions\redhat.java-1.27.0-win32-x64\lombok\lombok-1.18.31.jar -XX:+HeapDumpOnOutOfMemoryError -XX:HeapDumpPath=c:\Users\laris\AppData\Roaming\Code\User\workspaceStorage\a53aae235c8590cb13b4fb77a9ec843c\redhat.java -Daether.dependencyCollector.impl=bf c:\Users\laris\.vscode\extensions\redhat.java-1.27.0-win32-x64\server\plugins\org.eclipse.equinox.launcher_1.6.700.v20231214-2017.jar -configuration c:\Users\laris\AppData\Roaming\Code\User\globalStorage\redhat.java\1.27.0\config_win -data c:\Users\laris\AppData\Roaming\Code\User\workspaceStorage\a53aae235c8590cb13b4fb77a9ec843c\redhat.java\jdt_ws --stdio

Host: Intel(R) Core(TM) i3-10110U CPU @ 2.10GHz, 4 cores, 7G,  Windows 11 , 64 bit Build 22621 (10.0.22621.2070)
Time: Wed Feb 14 14:26:13 2024 Jerusalem Standard Time elapsed time: 1.663966 seconds (0d 0h 0m 1s)

---------------  T H R E A D  ---------------

Current thread (0x000002c7ebcff020):  JavaThread "C2 CompilerThread0" daemon [_thread_in_native, id=7952, stack(0x000000df16400000,0x000000df16500000)]


Current CompileTask:
C2:   1664  689   !   4       java.util.jar.Attributes::read (498 bytes)

Stack: [0x000000df16400000,0x000000df16500000]
Native frames: (J=compiled Java code, j=interpreted, Vv=VM code, C=native code)
V  [jvm.dll+0x67d2c9]
V  [jvm.dll+0x834afa]
V  [jvm.dll+0x8365be]
V  [jvm.dll+0x836c23]
V  [jvm.dll+0x2477ff]
V  [jvm.dll+0xac514]
V  [jvm.dll+0xacb5c]
V  [jvm.dll+0x366782]
V  [jvm.dll+0x1bca1d]
V  [jvm.dll+0x21a049]
V  [jvm.dll+0x219311]
V  [jvm.dll+0x1a502d]
V  [jvm.dll+0x2290de]
V  [jvm.dll+0x2272ac]
V  [jvm.dll+0x7e9bb7]
V  [jvm.dll+0x7e3fba]
V  [jvm.dll+0x67c1b5]
C  [ucrtbase.dll+0x29363]
C  [KERNEL32.DLL+0x126ad]
C  [ntdll.dll+0x5aa68]


---------------  P R O C E S S  ---------------

Threads class SMR info:
_java_thread_list=0x000002c7ebfc4db0, length=13, elements={
0x000002c7d0dcbcb0, 0x000002c7e6b5c030, 0x000002c7e6b5da10, 0x000002c7ebcfc4b0,
0x000002c7ebcfcf80, 0x000002c7ebcfda50, 0x000002c7ebcfe420, 0x000002c7ebcff020,
0x000002c7ebd63c30, 0x000002c7ebd648f0, 0x000002c7ebdf8020, 0x000002c7ebf84840,
0x000002c7ebfa0cc0
}

Java Threads: ( => current thread )
  0x000002c7d0dcbcb0 JavaThread "main" [_thread_in_Java, id=21004, stack(0x000000df15a00000,0x000000df15b00000)]
  0x000002c7e6b5c030 JavaThread "Reference Handler" daemon [_thread_blocked, id=2904, stack(0x000000df15e00000,0x000000df15f00000)]
  0x000002c7e6b5da10 JavaThread "Finalizer" daemon [_thread_blocked, id=12756, stack(0x000000df15f00000,0x000000df16000000)]
  0x000002c7ebcfc4b0 JavaThread "Signal Dispatcher" daemon [_thread_blocked, id=18312, stack(0x000000df16000000,0x000000df16100000)]
  0x000002c7ebcfcf80 JavaThread "Attach Listener" daemon [_thread_blocked, id=8948, stack(0x000000df16100000,0x000000df16200000)]
  0x000002c7ebcfda50 JavaThread "Service Thread" daemon [_thread_blocked, id=10108, stack(0x000000df16200000,0x000000df16300000)]
  0x000002c7ebcfe420 JavaThread "Monitor Deflation Thread" daemon [_thread_blocked, id=20588, stack(0x000000df16300000,0x000000df16400000)]
=>0x000002c7ebcff020 JavaThread "C2 CompilerThread0" daemon [_thread_in_native, id=7952, stack(0x000000df16400000,0x000000df16500000)]
  0x000002c7ebd63c30 JavaThread "C1 CompilerThread0" daemon [_thread_blocked, id=19616, stack(0x000000df16500000,0x000000df16600000)]
  0x000002c7ebd648f0 JavaThread "Sweeper thread" daemon [_thread_blocked, id=7320, stack(0x000000df16600000,0x000000df16700000)]
  0x000002c7ebdf8020 JavaThread "Common-Cleaner" daemon [_thread_blocked, id=5760, stack(0x000000df16700000,0x000000df16800000)]
  0x000002c7ebf84840 JavaThread "Notification Thread" daemon [_thread_blocked, id=15216, stack(0x000000df16800000,0x000000df16900000)]
  0x000002c7ebfa0cc0 JavaThread "C2 CompilerThread1" daemon [_thread_blocked, id=15080, stack(0x000000df16a00000,0x000000df16b00000)]

Other Threads:
  0x000002c7e6b46120 VMThread "VM Thread" [stack: 0x000000df15d00000,0x000000df15e00000] [id=3296]
  0x000002c7ebf84d20 WatcherThread [stack: 0x000000df16900000,0x000000df16a00000] [id=4836]
  0x000002c7d0de1400 GCTaskThread "GC Thread#0" [stack: 0x000000df15c00000,0x000000df15d00000] [id=5164]

Threads with active compile tasks:
C2 CompilerThread0     1691  689   !   4       java.util.jar.Attributes::read (498 bytes)

VM state: not at safepoint (normal execution)

VM Mutex/Monitor currently owned by a thread: None

Heap address: 0x00000000c0000000, size: 1024 MB, Compressed Oops mode: 32-bit

CDS archive(s) not mapped
Compressed class space mapped at: 0x0000000100000000-0x0000000140000000, reserved size: 1073741824
Narrow klass base: 0x0000000000000000, Narrow klass shift: 3, Narrow klass range: 0x140000000

GC Precious Log:
 CPUs: 4 total, 4 available
 Memory: 8040M
 Large Page Support: Disabled
 NUMA Support: Disabled
 Compressed Oops: Enabled (32-bit)
 Alignments: Space 512K, Generation 512K, Heap 2M
 Heap Min Capacity: 100M
 Heap Initial Capacity: 100M
 Heap Max Capacity: 1G
 Pre-touch: Disabled
 Parallel Workers: 4

Heap:
 PSYoungGen      total 29696K, used 16829K [0x00000000eab00000, 0x00000000ecc00000, 0x0000000100000000)
  eden space 25600K, 65% used [0x00000000eab00000,0x00000000ebb6f4e8,0x00000000ec400000)
  from space 4096K, 0% used [0x00000000ec800000,0x00000000ec800000,0x00000000ecc00000)
  to   space 4096K, 0% used [0x00000000ec400000,0x00000000ec400000,0x00000000ec800000)
 ParOldGen       total 68608K, used 0K [0x00000000c0000000, 0x00000000c4300000, 0x00000000eab00000)
  object space 68608K, 0% used [0x00000000c0000000,0x00000000c0000000,0x00000000c4300000)
 Metaspace       used 9257K, committed 9408K, reserved 1114112K
  class space    used 912K, committed 960K, reserved 1048576K

Card table byte_map: [0x000002c7e4410000,0x000002c7e4620000] _byte_map_base: 0x000002c7e3e10000

Marking Bits: (ParMarkBitMap*) 0x00007ffc3ec5d7d0
 Begin Bits: [0x000002c7e4780000, 0x000002c7e5780000)
 End Bits:   [0x000002c7e5780000, 0x000002c7e6780000)

Polling page: 0x000002c7d0e70000

Metaspace:

Usage:
  Non-class:      8.15 MB used.
      Class:    912.52 KB used.
       Both:      9.04 MB used.

Virtual space:
  Non-class space:       64.00 MB reserved,       8.25 MB ( 13%) committed,  1 nodes.
      Class space:        1.00 GB reserved,     960.00 KB ( <1%) committed,  1 nodes.
             Both:        1.06 GB reserved,       9.19 MB ( <1%) committed. 

Chunk freelists:
   Non-Class:  6.92 MB
       Class:  15.08 MB
        Both:  22.00 MB

MaxMetaspaceSize: unlimited
CompressedClassSpaceSize: 1.00 GB
Initial GC threshold: 21.00 MB
Current GC threshold: 21.00 MB
CDS: off
MetaspaceReclaimPolicy: balanced
 - commit_granule_bytes: 65536.
 - commit_granule_words: 8192.
 - virtual_space_node_default_size: 8388608.
 - enlarge_chunks_in_place: 1.
 - new_chunks_are_fully_committed: 0.
 - uncommit_free_chunks: 1.
 - use_allocation_guard: 0.
 - handle_deallocations: 1.


Internal statistics:

num_allocs_failed_limit: 0.
num_arena_births: 10.
num_arena_deaths: 0.
num_vsnodes_births: 2.
num_vsnodes_deaths: 0.
num_space_committed: 147.
num_space_uncommitted: 0.
num_chunks_returned_to_freelist: 0.
num_chunks_taken_from_freelist: 46.
num_chunk_merges: 0.
num_chunk_splits: 27.
num_chunks_enlarged: 25.
num_inconsistent_stats: 0.

CodeHeap 'non-profiled nmethods': size=120000Kb used=309Kb max_used=309Kb free=119690Kb
 bounds [0x000002c7dccf0000, 0x000002c7dcf60000, 0x000002c7e4220000]
CodeHeap 'profiled nmethods': size=120000Kb used=1173Kb max_used=1173Kb free=118826Kb
 bounds [0x000002c7d5220000, 0x000002c7d5490000, 0x000002c7dc750000]
CodeHeap 'non-nmethods': size=5760Kb used=1133Kb max_used=1158Kb free=4627Kb
 bounds [0x000002c7dc750000, 0x000002c7dc9c0000, 0x000002c7dccf0000]
 total_blobs=1141 nmethods=718 adapters=338
 compilation: enabled
              stopped_count=0, restarted_count=0
 full_count=0

Compilation events (20 events):
Event: 1.644 Thread 0x000002c7ebfa0cc0 nmethod 690 0x000002c7dcd38010 code [0x000002c7dcd38260, 0x000002c7dcd39510]
Event: 1.645 Thread 0x000002c7ebfa0cc0  700       4       sun.security.provider.SHA5::lf_ch (13 bytes)
Event: 1.645 Thread 0x000002c7ebfa0cc0 nmethod 700 0x000002c7dcd39d90 code [0x000002c7dcd39f00, 0x000002c7dcd39f78]
Event: 1.645 Thread 0x000002c7ebfa0cc0  701       4       sun.security.provider.SHA5::lf_maj (14 bytes)
Event: 1.645 Thread 0x000002c7ebfa0cc0 nmethod 701 0x000002c7dcd3a090 code [0x000002c7dcd3a200, 0x000002c7dcd3a278]
Event: 1.645 Thread 0x000002c7ebfa0cc0  709       4       sun.security.provider.SHA5::lf_sigma1 (21 bytes)
Event: 1.645 Thread 0x000002c7ebfa0cc0 nmethod 709 0x000002c7dcd3a390 code [0x000002c7dcd3a500, 0x000002c7dcd3a578]
Event: 1.645 Thread 0x000002c7ebfa0cc0  710       4       sun.security.provider.SHA5::lf_sigma0 (21 bytes)
Event: 1.646 Thread 0x000002c7ebfa0cc0 nmethod 710 0x000002c7dcd3a690 code [0x000002c7dcd3a800, 0x000002c7dcd3a878]
Event: 1.646 Thread 0x000002c7ebfa0cc0  711       4       sun.security.provider.SHA5::lf_delta1 (21 bytes)
Event: 1.646 Thread 0x000002c7ebfa0cc0 nmethod 711 0x000002c7dcd3a990 code [0x000002c7dcd3ab00, 0x000002c7dcd3ab78]
Event: 1.646 Thread 0x000002c7ebfa0cc0  712       4       sun.security.provider.SHA5::lf_delta0 (20 bytes)
Event: 1.646 Thread 0x000002c7ebfa0cc0 nmethod 712 0x000002c7dcd3ac90 code [0x000002c7dcd3ae00, 0x000002c7dcd3ae78]
Event: 1.646 Thread 0x000002c7ebfa0cc0  696       4       java.lang.invoke.VarHandleByteArrayAsInts$ArrayHandle::index (12 bytes)
Event: 1.647 Thread 0x000002c7ebfa0cc0 nmethod 696 0x000002c7dcd3af90 code [0x000002c7dcd3b100, 0x000002c7dcd3b198]
Event: 1.647 Thread 0x000002c7ebfa0cc0  707       4       java.lang.Long::reverseBytes (46 bytes)
Event: 1.647 Thread 0x000002c7ebfa0cc0 nmethod 707 0x000002c7dcd3b290 code [0x000002c7dcd3b400, 0x000002c7dcd3b4b8]
Event: 1.647 Thread 0x000002c7ebfa0cc0  716       4       jdk.internal.misc.Unsafe::getLongUnaligned (12 bytes)
Event: 1.648 Thread 0x000002c7ebfa0cc0 nmethod 716 0x000002c7dcd3b590 code [0x000002c7dcd3b700, 0x000002c7dcd3b7b8]
Event: 1.648 Thread 0x000002c7ebfa0cc0  717 %     4       sun.security.provider.SHA5::implCompress0 @ 157 (346 bytes)

GC Heap History (0 events):
No events

Dll operation events (8 events):
Event: 0.013 Loaded shared library c:\Users\laris\.vscode\extensions\redhat.java-1.27.0-win32-x64\jre\17.0.10-win32-x86_64\bin\java.dll
Event: 0.372 Loaded shared library c:\Users\laris\.vscode\extensions\redhat.java-1.27.0-win32-x64\jre\17.0.10-win32-x86_64\bin\zip.dll
Event: 0.406 Loaded shared library C:\Users\laris\.vscode\extensions\redhat.java-1.27.0-win32-x64\jre\17.0.10-win32-x86_64\bin\instrument.dll
Event: 0.482 Loaded shared library C:\Users\laris\.vscode\extensions\redhat.java-1.27.0-win32-x64\jre\17.0.10-win32-x86_64\bin\net.dll
Event: 0.507 Loaded shared library C:\Users\laris\.vscode\extensions\redhat.java-1.27.0-win32-x64\jre\17.0.10-win32-x86_64\bin\nio.dll
Event: 0.559 Loaded shared library C:\Users\laris\.vscode\extensions\redhat.java-1.27.0-win32-x64\jre\17.0.10-win32-x86_64\bin\zip.dll
Event: 0.672 Loaded shared library C:\Users\laris\.vscode\extensions\redhat.java-1.27.0-win32-x64\jre\17.0.10-win32-x86_64\bin\jimage.dll
Event: 0.852 Loaded shared library c:\Users\laris\.vscode\extensions\redhat.java-1.27.0-win32-x64\jre\17.0.10-win32-x86_64\bin\verify.dll

Deoptimization events (20 events):
Event: 1.349 Thread 0x000002c7d0dcbcb0 Uncommon trap: trap_request=0xffffff6e fr.pc=0x000002c7dcd244e4 relative=0x00000000000001e4
Event: 1.349 Thread 0x000002c7d0dcbcb0 Uncommon trap: reason=loop_limit_check action=maybe_recompile pc=0x000002c7dcd244e4 method=java.math.BigInteger.implMulAdd([I[IIII)I @ 26 c2
Event: 1.349 Thread 0x000002c7d0dcbcb0 DEOPT PACKING pc=0x000002c7dcd244e4 sp=0x000000df15afd980
Event: 1.349 Thread 0x000002c7d0dcbcb0 DEOPT UNPACKING pc=0x000002c7dc7a66a3 sp=0x000000df15afd8d0 mode 2
Event: 1.513 Thread 0x000002c7d0dcbcb0 Uncommon trap: trap_request=0xffffff45 fr.pc=0x000002c7dcd2b874 relative=0x0000000000000074
Event: 1.513 Thread 0x000002c7d0dcbcb0 Uncommon trap: reason=unstable_if action=reinterpret pc=0x000002c7dcd2b874 method=jdk.internal.misc.Unsafe.convEndian(ZI)I @ 4 c2
Event: 1.513 Thread 0x000002c7d0dcbcb0 DEOPT PACKING pc=0x000002c7dcd2b874 sp=0x000000df15afdb20
Event: 1.513 Thread 0x000002c7d0dcbcb0 DEOPT UNPACKING pc=0x000002c7dc7a66a3 sp=0x000000df15afda50 mode 2
Event: 1.516 Thread 0x000002c7d0dcbcb0 Uncommon trap: trap_request=0xffffff45 fr.pc=0x000002c7dcd151d8 relative=0x0000000000000598
Event: 1.516 Thread 0x000002c7d0dcbcb0 Uncommon trap: reason=unstable_if action=reinterpret pc=0x000002c7dcd151d8 method=java.lang.AbstractStringBuilder.append(Ljava/lang/String;)Ljava/lang/AbstractStringBuilder; @ 1 c2
Event: 1.516 Thread 0x000002c7d0dcbcb0 DEOPT PACKING pc=0x000002c7dcd151d8 sp=0x000000df15afdea0
Event: 1.516 Thread 0x000002c7d0dcbcb0 DEOPT UNPACKING pc=0x000002c7dc7a66a3 sp=0x000000df15afde20 mode 2
Event: 1.528 Thread 0x000002c7d0dcbcb0 DEOPT PACKING pc=0x000002c7d525928c sp=0x000000df15afe770
Event: 1.528 Thread 0x000002c7d0dcbcb0 DEOPT UNPACKING pc=0x000002c7dc7a6e43 sp=0x000000df15afdc00 mode 0
Event: 1.562 Thread 0x000002c7d0dcbcb0 DEOPT PACKING pc=0x000002c7d52f79da sp=0x000000df15afe210
Event: 1.562 Thread 0x000002c7d0dcbcb0 DEOPT UNPACKING pc=0x000002c7dc7a6e43 sp=0x000000df15afd668 mode 0
Event: 1.620 Thread 0x000002c7d0dcbcb0 Uncommon trap: trap_request=0xffffffde fr.pc=0x000002c7dccfcffc relative=0x00000000000006fc
Event: 1.620 Thread 0x000002c7d0dcbcb0 Uncommon trap: reason=class_check action=maybe_recompile pc=0x000002c7dccfcffc method=java.util.HashMap.putVal(ILjava/lang/Object;Ljava/lang/Object;ZZ)Ljava/lang/Object; @ 91 c2
Event: 1.620 Thread 0x000002c7d0dcbcb0 DEOPT PACKING pc=0x000002c7dccfcffc sp=0x000000df15afe770
Event: 1.620 Thread 0x000002c7d0dcbcb0 DEOPT UNPACKING pc=0x000002c7dc7a66a3 sp=0x000000df15afe710 mode 2

Classes unloaded (0 events):
No events

Classes redefined (0 events):
No events

Internal exceptions (9 events):
Event: 0.236 Thread 0x000002c7d0dcbcb0 Exception <a 'java/lang/NoSuchMethodError'{0x00000000eacb9af8}: 'void java.lang.invoke.DirectMethodHandle$Holder.invokeStatic(java.lang.Object, java.lang.Object, java.lang.Object)'> (0x00000000eacb9af8) 
thrown [s\src\hotspot\share\interpreter\linkResolver.cpp, line 759]
Event: 0.939 Thread 0x000002c7d0dcbcb0 Exception <a 'java/lang/reflect/InvocationTargetException'{0x00000000eafe9ed0}> (0x00000000eafe9ed0) 
thrown [s\src\hotspot\share\runtime\reflection.cpp, line 1121]
Event: 1.505 Thread 0x000002c7d0dcbcb0 Exception <a 'java/lang/ClassNotFoundException'{0x00000000eb8462b8}: sun/net/www/protocol/c/Handler> (0x00000000eb8462b8) 
thrown [s\src\hotspot\share\classfile\systemDictionary.cpp, line 256]
Event: 1.511 Thread 0x000002c7d0dcbcb0 Exception <a 'java/io/FileNotFoundException'{0x00000000eb861390}> (0x00000000eb861390) 
thrown [s\src\hotspot\share\prims\jni.cpp, line 516]
Event: 1.511 Thread 0x000002c7d0dcbcb0 Exception <a 'java/io/FileNotFoundException'{0x00000000eb862110}> (0x00000000eb862110) 
thrown [s\src\hotspot\share\prims\jni.cpp, line 516]
Event: 1.512 Thread 0x000002c7d0dcbcb0 Exception <a 'java/io/FileNotFoundException'{0x00000000eb862e70}> (0x00000000eb862e70) 
thrown [s\src\hotspot\share\prims\jni.cpp, line 516]
Event: 1.512 Thread 0x000002c7d0dcbcb0 Exception <a 'java/io/FileNotFoundException'{0x00000000eb863ba0}> (0x00000000eb863ba0) 
thrown [s\src\hotspot\share\prims\jni.cpp, line 516]
Event: 1.516 Thread 0x000002c7d0dcbcb0 Implicit null exception at 0x000002c7dcd14c72 to 0x000002c7dcd151c0
Event: 1.526 Thread 0x000002c7d0dcbcb0 Exception <a 'java/io/FileNotFoundException'{0x00000000eb89ca10}> (0x00000000eb89ca10) 
thrown [s\src\hotspot\share\prims\jni.cpp, line 516]

VM Operations (10 events):
Event: 0.241 Executing VM operation: HandshakeAllThreads
Event: 0.241 Executing VM operation: HandshakeAllThreads done
Event: 0.725 Executing VM operation: HandshakeAllThreads
Event: 0.725 Executing VM operation: HandshakeAllThreads done
Event: 1.361 Executing VM operation: HandshakeAllThreads
Event: 1.361 Executing VM operation: HandshakeAllThreads done
Event: 1.361 Executing VM operation: Cleanup
Event: 1.361 Executing VM operation: Cleanup done
Event: 1.497 Executing VM operation: HandshakeAllThreads
Event: 1.497 Executing VM operation: HandshakeAllThreads done

Events (20 events):
Event: 1.563 loading class sun/nio/fs/WindowsFileSystemProvider$1
Event: 1.563 loading class sun/nio/fs/WindowsFileSystemProvider$1 done
Event: 1.563 loading class sun/nio/fs/WindowsLinkSupport
Event: 1.564 loading class sun/nio/fs/WindowsLinkSupport done
Event: 1.564 loading class sun/nio/fs/WindowsAclFileAttributeView
Event: 1.564 loading class sun/nio/fs/AbstractAclFileAttributeView
Event: 1.564 loading class java/nio/file/attribute/AclFileAttributeView
Event: 1.564 loading class java/nio/file/attribute/FileOwnerAttributeView
Event: 1.564 loading class java/nio/file/attribute/FileOwnerAttributeView done
Event: 1.564 loading class java/nio/file/attribute/AclFileAttributeView done
Event: 1.564 loading class sun/nio/fs/AbstractAclFileAttributeView done
Event: 1.564 loading class sun/nio/fs/WindowsAclFileAttributeView done
Event: 1.564 loading class sun/nio/fs/WindowsSecurity
Event: 1.565 loading class sun/nio/fs/WindowsSecurity done
Event: 1.567 loading class sun/nio/fs/WindowsFileStore
Event: 1.567 loading class java/nio/file/FileStore
Event: 1.567 loading class java/nio/file/FileStore done
Event: 1.567 loading class sun/nio/fs/WindowsFileStore done
Event: 1.591 loading class java/net/URLClassLoader$1
Event: 1.591 loading class java/net/URLClassLoader$1 done


Dynamic libraries:
0x00007ff6b9c60000 - 0x00007ff6b9c6e000 	c:\Users\laris\.vscode\extensions\redhat.java-1.27.0-win32-x64\jre\17.0.10-win32-x86_64\bin\java.exe
0x00007ffca9010000 - 0x00007ffca9224000 	C:\WINDOWS\SYSTEM32\ntdll.dll
0x00007ffc96f00000 - 0x00007ffc96f19000 	C:\Program Files\Avast Software\Avast\aswhook.dll
0x00007ffca7c20000 - 0x00007ffca7ce4000 	C:\WINDOWS\System32\KERNEL32.DLL
0x00007ffca65b0000 - 0x00007ffca6954000 	C:\WINDOWS\System32\KERNELBASE.dll
0x00007ffca3450000 - 0x00007ffca34e7000 	C:\WINDOWS\SYSTEM32\apphelp.dll
0x00007ffc8ce80000 - 0x00007ffc8ce97000 	c:\Users\laris\.vscode\extensions\redhat.java-1.27.0-win32-x64\jre\17.0.10-win32-x86_64\bin\jli.dll
0x00007ffca6ad0000 - 0x00007ffca6be1000 	C:\WINDOWS\System32\ucrtbase.dll
0x00007ffca8a80000 - 0x00007ffca8c2a000 	C:\WINDOWS\System32\USER32.dll
0x00007ffca6da0000 - 0x00007ffca6dc6000 	C:\WINDOWS\System32\win32u.dll
0x00007ffca8fa0000 - 0x00007ffca8fc9000 	C:\WINDOWS\System32\GDI32.dll
0x00007ffca6490000 - 0x00007ffca65a9000 	C:\WINDOWS\System32\gdi32full.dll
0x00007ffc8be30000 - 0x00007ffc8be4b000 	c:\Users\laris\.vscode\extensions\redhat.java-1.27.0-win32-x64\jre\17.0.10-win32-x86_64\bin\VCRUNTIME140.dll
0x00007ffca63f0000 - 0x00007ffca648a000 	C:\WINDOWS\System32\msvcp_win.dll
0x00007ffc89530000 - 0x00007ffc897bf000 	C:\WINDOWS\WinSxS\amd64_microsoft.windows.common-controls_6595b64144ccf1df_6.0.22621.2070_none_2713e6537381f706\COMCTL32.dll
0x00007ffca7940000 - 0x00007ffca79e7000 	C:\WINDOWS\System32\msvcrt.dll
0x00007ffca8c90000 - 0x00007ffca8cc1000 	C:\WINDOWS\System32\IMM32.DLL
0x00007ffca3370000 - 0x00007ffca337c000 	c:\Users\laris\.vscode\extensions\redhat.java-1.27.0-win32-x64\jre\17.0.10-win32-x86_64\bin\vcruntime140_1.dll
0x00007ffc52490000 - 0x00007ffc5251d000 	c:\Users\laris\.vscode\extensions\redhat.java-1.27.0-win32-x64\jre\17.0.10-win32-x86_64\bin\msvcp140.dll
0x00007ffc3e0c0000 - 0x00007ffc3ed22000 	c:\Users\laris\.vscode\extensions\redhat.java-1.27.0-win32-x64\jre\17.0.10-win32-x86_64\bin\server\jvm.dll
0x00007ffca6f00000 - 0x00007ffca6fb0000 	C:\WINDOWS\System32\ADVAPI32.dll
0x00007ffca8e60000 - 0x00007ffca8f06000 	C:\WINDOWS\System32\sechost.dll
0x00007ffca7720000 - 0x00007ffca7837000 	C:\WINDOWS\System32\RPCRT4.dll
0x00007ffc919e0000 - 0x00007ffc919e9000 	C:\WINDOWS\SYSTEM32\WSOCK32.dll
0x00007ffca7150000 - 0x00007ffca71c1000 	C:\WINDOWS\System32\WS2_32.dll
0x00007ffca62c0000 - 0x00007ffca630d000 	C:\WINDOWS\SYSTEM32\POWRPROF.dll
0x00007ffc9db50000 - 0x00007ffc9db84000 	C:\WINDOWS\SYSTEM32\WINMM.dll
0x00007ffc9de00000 - 0x00007ffc9de0a000 	C:\WINDOWS\SYSTEM32\VERSION.dll
0x00007ffca62a0000 - 0x00007ffca62b3000 	C:\WINDOWS\SYSTEM32\UMPDC.dll
0x00007ffca53f0000 - 0x00007ffca5408000 	C:\WINDOWS\SYSTEM32\kernel.appcore.dll
0x00007ffc9e940000 - 0x00007ffc9e94a000 	c:\Users\laris\.vscode\extensions\redhat.java-1.27.0-win32-x64\jre\17.0.10-win32-x86_64\bin\jimage.dll
0x00007ffca36c0000 - 0x00007ffca38ee000 	C:\WINDOWS\SYSTEM32\DBGHELP.DLL
0x00007ffca8550000 - 0x00007ffca88da000 	C:\WINDOWS\System32\combase.dll
0x00007ffca8d80000 - 0x00007ffca8e57000 	C:\WINDOWS\System32\OLEAUT32.dll
0x00007ffc97870000 - 0x00007ffc978a2000 	C:\WINDOWS\SYSTEM32\dbgcore.DLL
0x00007ffca6cb0000 - 0x00007ffca6d2a000 	C:\WINDOWS\System32\bcryptPrimitives.dll
0x00007ffc9dc70000 - 0x00007ffc9dc7e000 	c:\Users\laris\.vscode\extensions\redhat.java-1.27.0-win32-x64\jre\17.0.10-win32-x86_64\bin\instrument.dll
0x00007ffc7c2c0000 - 0x00007ffc7c2e5000 	c:\Users\laris\.vscode\extensions\redhat.java-1.27.0-win32-x64\jre\17.0.10-win32-x86_64\bin\java.dll
0x00007ffc80790000 - 0x00007ffc807a8000 	c:\Users\laris\.vscode\extensions\redhat.java-1.27.0-win32-x64\jre\17.0.10-win32-x86_64\bin\zip.dll
0x00007ffca7d20000 - 0x00007ffca8536000 	C:\WINDOWS\System32\SHELL32.dll
0x00007ffca4370000 - 0x00007ffca4c5a000 	C:\WINDOWS\SYSTEM32\windows.storage.dll
0x00007ffca4230000 - 0x00007ffca436e000 	C:\WINDOWS\SYSTEM32\wintypes.dll
0x00007ffca6df0000 - 0x00007ffca6ee3000 	C:\WINDOWS\System32\SHCORE.dll
0x00007ffca8c30000 - 0x00007ffca8c8e000 	C:\WINDOWS\System32\shlwapi.dll
0x00007ffca6320000 - 0x00007ffca6346000 	C:\WINDOWS\SYSTEM32\profapi.dll
0x00007ffc7b520000 - 0x00007ffc7b539000 	C:\Users\laris\.vscode\extensions\redhat.java-1.27.0-win32-x64\jre\17.0.10-win32-x86_64\bin\net.dll
0x00007ffc9da10000 - 0x00007ffc9db47000 	C:\WINDOWS\SYSTEM32\WINHTTP.dll
0x00007ffca5890000 - 0x00007ffca58f9000 	C:\WINDOWS\system32\mswsock.dll
0x00007ffc6ef50000 - 0x00007ffc6ef66000 	C:\Users\laris\.vscode\extensions\redhat.java-1.27.0-win32-x64\jre\17.0.10-win32-x86_64\bin\nio.dll
0x00007ffc9c720000 - 0x00007ffc9c730000 	c:\Users\laris\.vscode\extensions\redhat.java-1.27.0-win32-x64\jre\17.0.10-win32-x86_64\bin\verify.dll

dbghelp: loaded successfully - version: 4.0.5 - missing functions: none
symbol engine: initialized successfully - sym options: 0x614 - pdb path: .;c:\Users\laris\.vscode\extensions\redhat.java-1.27.0-win32-x64\jre\17.0.10-win32-x86_64\bin;C:\WINDOWS\SYSTEM32;C:\Program Files\Avast Software\Avast;C:\WINDOWS\WinSxS\amd64_microsoft.windows.common-controls_6595b64144ccf1df_6.0.22621.2070_none_2713e6537381f706;c:\Users\laris\.vscode\extensions\redhat.java-1.27.0-win32-x64\jre\17.0.10-win32-x86_64\bin\server

VM Arguments:
jvm_args: --add-modules=ALL-SYSTEM --add-opens=java.base/java.util=ALL-UNNAMED --add-opens=java.base/java.lang=ALL-UNNAMED --add-opens=java.base/sun.nio.fs=ALL-UNNAMED -Declipse.application=org.eclipse.jdt.ls.core.id1 -Dosgi.bundles.defaultStartLevel=4 -Declipse.product=org.eclipse.jdt.ls.core.product -Djava.import.generatesMetadataFilesAtProjectRoot=false -DDetectVMInstallationsJob.disabled=true -Dfile.encoding=utf8 -XX:+UseParallelGC -XX:GCTimeRatio=4 -XX:AdaptiveSizePolicyWeight=90 -Dsun.zip.disableMemoryMapping=true -Xmx1G -Xms100m -Xlog:disable -javaagent:c:\Users\laris\.vscode\extensions\redhat.java-1.27.0-win32-x64\lombok\lombok-1.18.31.jar -XX:+HeapDumpOnOutOfMemoryError -XX:HeapDumpPath=c:\Users\laris\AppData\Roaming\Code\User\workspaceStorage\a53aae235c8590cb13b4fb77a9ec843c\redhat.java -Daether.dependencyCollector.impl=bf 
java_command: c:\Users\laris\.vscode\extensions\redhat.java-1.27.0-win32-x64\server\plugins\org.eclipse.equinox.launcher_1.6.700.v20231214-2017.jar -configuration c:\Users\laris\AppData\Roaming\Code\User\globalStorage\redhat.java\1.27.0\config_win -data c:\Users\laris\AppData\Roaming\Code\User\workspaceStorage\a53aae235c8590cb13b4fb77a9ec843c\redhat.java\jdt_ws --stdio
java_class_path (initial): c:\Users\laris\.vscode\extensions\redhat.java-1.27.0-win32-x64\server\plugins\org.eclipse.equinox.launcher_1.6.700.v20231214-2017.jar
Launcher Type: SUN_STANDARD

[Global flags]
    uintx AdaptiveSizePolicyWeight                 = 90                                        {product} {command line}
     intx CICompilerCount                          = 3                                         {product} {ergonomic}
    uintx GCTimeRatio                              = 4                                         {product} {command line}
     bool HeapDumpOnOutOfMemoryError               = true                                   {manageable} {command line}
    ccstr HeapDumpPath                             = c:\Users\laris\AppData\Roaming\Code\User\workspaceStorage\a53aae235c8590cb13b4fb77a9ec843c\redhat.java         {manageable} {command line}
   size_t InitialHeapSize                          = 104857600                                 {product} {command line}
   size_t MaxHeapSize                              = 1073741824                                {product} {command line}
   size_t MaxNewSize                               = 357564416                                 {product} {ergonomic}
   size_t MinHeapDeltaBytes                        = 524288                                    {product} {ergonomic}
   size_t MinHeapSize                              = 104857600                                 {product} {command line}
   size_t NewSize                                  = 34603008                                  {product} {ergonomic}
    uintx NonNMethodCodeHeapSize                   = 5832780                                {pd product} {ergonomic}
    uintx NonProfiledCodeHeapSize                  = 122912730                              {pd product} {ergonomic}
   size_t OldSize                                  = 70254592                                  {product} {ergonomic}
    uintx ProfiledCodeHeapSize                     = 122912730                              {pd product} {ergonomic}
    uintx ReservedCodeCacheSize                    = 251658240                              {pd product} {ergonomic}
     bool SegmentedCodeCache                       = true                                      {product} {ergonomic}
   size_t SoftMaxHeapSize                          = 1073741824                             {manageable} {ergonomic}
     bool UseCompressedClassPointers               = true                           {product lp64_product} {ergonomic}
     bool UseCompressedOops                        = true                           {product lp64_product} {ergonomic}
     bool UseLargePagesIndividualAllocation        = false                                  {pd product} {ergonomic}
     bool UseParallelGC                            = true                                      {product} {command line}

Logging:
Log output configuration:
 #0: stdout all=off uptime,level,tags
 #1: stderr all=off uptime,level,tags

Environment Variables:
PATH=C:\WINDOWS\system32;C:\WINDOWS;C:\WINDOWS\System32\Wbem;C:\WINDOWS\System32\WindowsPowerShell\v1.0\;C:\WINDOWS\System32\OpenSSH\;C:\Program Files\dotnet\;C:\Program Files\Git\cmd;C:\WINDOWS\system32;C:\WINDOWS;C:\WINDOWS\System32\Wbem;C:\WINDOWS\System32\WindowsPowerShell\v1.0\;C:\WINDOWS\System32\OpenSSH\;C:\Program Files\Microsoft SQL Server\Client SDK\ODBC\170\Tools\Binn\;C:\Program Files\PuTTY\;C:\Program Files\nodejs\;C:\Program Files\Java\jdk-17.0.1\bin;C:\Program Files\Java\apache-maven-3.9.6-bin\apache-maven-3.9.6\bin;C:\Program Files\Amazon\AWSCLIV2\;C:\Users\laris\AppData\Local\Microsoft\WindowsApps;C:\Users\laris\.dotnet\tools;C:\Users\laris\AppData\Local\Programs\Microsoft VS Code\bin;C:\Users\laris\AppData\Roaming\npm;C:\Program Files\Java\apache-maven-3.9.6-bin\apache-maven-3.9.6\bin;C:\ProgramFiles\NASM
USERNAME=Max
OS=Windows_NT
PROCESSOR_IDENTIFIER=Intel64 Family 6 Model 142 Stepping 12, GenuineIntel
TMP=C:\Users\laris\AppData\Local\Temp
TEMP=C:\Users\laris\AppData\Local\Temp



Periodic native trim disabled


---------------  S Y S T E M  ---------------

OS:
 Windows 11 , 64 bit Build 22621 (10.0.22621.2070)
OS uptime: 3 days 10:25 hours
Hyper-V role detected

CPU: total 4 (initial active 4) (2 cores per cpu, 2 threads per core) family 6 model 142 stepping 12 microcode 0xf8, cx8, cmov, fxsr, ht, mmx, 3dnowpref, sse, sse2, sse3, ssse3, sse4.1, sse4.2, popcnt, lzcnt, tsc, tscinvbit, avx, avx2, aes, erms, clmul, bmi1, bmi2, adx, fma, vzeroupper, clflush, clflushopt, hv
Processor Information for all 4 processors :
  Max Mhz: 2592, Current Mhz: 2093, Mhz Limit: 2073

Memory: 4k page, system-wide physical 8040M (555M free)
TotalPageFile size 16729M (AvailPageFile size 4M)
current process WorkingSet (physical memory assigned to process): 63M, peak: 64M
current process commit charge ("private bytes"): 184M, peak: 185M

vm_info: OpenJDK 64-Bit Server VM (17.0.10+7) for windows-amd64 JRE (17.0.10+7), built on Jan 16 2024 23:25:11 by "admin" with MS VC++ 16.10 / 16.11 (VS2019)

END.
